

Version:	3.50
CmdLine:	C:\Users\ggust\eclipse-workspace\java-graphics-jframe\PackageWindowsCreation\Trabalho application.exe --l4j-debug
JNI:		No
WOW64:		Yes
Working dir:	C:\Users\ggust\eclipse-workspace\java-graphics-jframe\PackageWindowsCreation\.
Requires JDK:	No
Requires 64-Bit: Yes
Java min ver:	1.008.000
Java max ver:	1.009.000
Substitute:	JAVA_HOME = C:\Program Files\Java\jdk1.8.0_2022
Substitute:	PATH = C:\Program Files (x86)\Common Files\Oracle\Java\javapath;C:\Windows\system32;C:\Windows;C:\Windows\System32\Wbem;C:\Windows\System32\WindowsPowerShell\v1.0\;C:\Windows\System32\OpenSSH\;C:\Program Files (x86)\AMD\ATI.ACE\Core-Static;C:\Program Files\Java\jdk1.8.0_202;C:\Program Files\Java\jdk1.8.0_202\bin;C:\Users\ggust\AppData\Local\Microsoft\WindowsApps;C:\Users\ggust\AppData\Local\GitHubDesktop\bin;C:\Program Files\Java\jdk1.8.0_202\bin;;C:\Program Files\Java\jdk1.8.0_202\bin
JRE paths:	C:\Program Files\Java\jdk1.8.0_2022;C:\Program Files (x86)\Common Files\Oracle\Java\javapath;C:\Windows\system32;C:\Windows;C:\Windows\System32\Wbem;C:\Windows\System32\WindowsPowerShell\v1.0\;C:\Windows\System32\OpenSSH\;C:\Program Files (x86)\AMD\ATI.ACE\Core-Static;C:\Program Files\Java\jdk1.8.0_202;C:\Program Files\Java\jdk1.8.0_202\bin;C:\Users\ggust\AppData\Local\Microsoft\WindowsApps;C:\Users\ggust\AppData\Local\GitHubDesktop\bin;C:\Program Files\Java\jdk1.8.0_202\bin;;C:\Program Files\Java\jdk1.8.0_202\bin
Check launcher:	C:\Program Files\Java\jdk1.8.0_2022\bin\javaw.exe (not found)
Check launcher:	C:\Program Files (x86)\Common Files\Oracle\Java\javapath\bin\javaw.exe (not found)
Check launcher:	C:\Windows\system32\bin\javaw.exe (not found)
Check launcher:	C:\Windows\bin\javaw.exe (not found)
Check launcher:	C:\Windows\System32\Wbem\bin\javaw.exe (not found)
Check launcher:	C:\Windows\System32\WindowsPowerShell\v1.0\bin\javaw.exe (not found)
Check launcher:	C:\Windows\System32\OpenSSH\bin\javaw.exe (not found)
Check launcher:	C:\Program Files (x86)\AMD\ATI.ACE\Core-Static\bin\javaw.exe (not found)
Check launcher:	C:\Program Files\Java\jdk1.8.0_202\bin\javaw.exe (OK)
Version string: 1.008.000_202 / 64-Bit (OK)
Launcher:	C:\Program Files\Java\jdk1.8.0_202\bin\javaw.exe
Launcher args:	-jar "C:\Users\ggust\eclipse-workspace\java-graphics-jframe\PackageWindowsCreation\Trabalho application.exe"
Args length:	108/32768 chars
Exit code:	0


Version:	3.50
CmdLine:	C:\Users\ggust\eclipse-workspace\java-graphics-jframe\PackageWindowsCreation\Trabalho application.exe --l4j-debug
JNI:		No
WOW64:		Yes
Working dir:	C:\Users\ggust\eclipse-workspace\java-graphics-jframe\PackageWindowsCreation\.
Requires JDK:	No
Requires 64-Bit: Yes
Java min ver:	1.008.000
Java max ver:	1.009.000
Substitute:	JAVA_HOME = C:\Program Files\Java\jdk1.8.0_2022
Substitute:	PATH = C:\Program Files (x86)\Common Files\Oracle\Java\javapath;C:\Windows\system32;C:\Windows;C:\Windows\System32\Wbem;C:\Windows\System32\WindowsPowerShell\v1.0\;C:\Windows\System32\OpenSSH\;C:\Program Files (x86)\AMD\ATI.ACE\Core-Static;C:\Program Files\Java\jdk1.8.0_202;C:\Program Files\Java\jdk1.8.0_202\bin;C:\Users\ggust\AppData\Local\Microsoft\WindowsApps;C:\Users\ggust\AppData\Local\GitHubDesktop\bin;C:\Program Files\Java\jdk1.8.0_202\bin;;C:\Program Files\Java\jdk1.8.0_202\bin
JRE paths:	C:\Program Files\Java\jdk1.8.0_2022;C:\Program Files (x86)\Common Files\Oracle\Java\javapath;C:\Windows\system32;C:\Windows;C:\Windows\System32\Wbem;C:\Windows\System32\WindowsPowerShell\v1.0\;C:\Windows\System32\OpenSSH\;C:\Program Files (x86)\AMD\ATI.ACE\Core-Static;C:\Program Files\Java\jdk1.8.0_202;C:\Program Files\Java\jdk1.8.0_202\bin;C:\Users\ggust\AppData\Local\Microsoft\WindowsApps;C:\Users\ggust\AppData\Local\GitHubDesktop\bin;C:\Program Files\Java\jdk1.8.0_202\bin;;C:\Program Files\Java\jdk1.8.0_202\bin
Check launcher:	C:\Program Files\Java\jdk1.8.0_2022\bin\javaw.exe (not found)
Check launcher:	C:\Program Files (x86)\Common Files\Oracle\Java\javapath\bin\javaw.exe (not found)
Check launcher:	C:\Windows\system32\bin\javaw.exe (not found)
Check launcher:	C:\Windows\bin\javaw.exe (not found)
Check launcher:	C:\Windows\System32\Wbem\bin\javaw.exe (not found)
Check launcher:	C:\Windows\System32\WindowsPowerShell\v1.0\bin\javaw.exe (not found)
Check launcher:	C:\Windows\System32\OpenSSH\bin\javaw.exe (not found)
Check launcher:	C:\Program Files (x86)\AMD\ATI.ACE\Core-Static\bin\javaw.exe (not found)
Check launcher:	C:\Program Files\Java\jdk1.8.0_202\bin\javaw.exe (OK)
Version string: 1.008.000_202 / 64-Bit (OK)
Launcher:	C:\Program Files\Java\jdk1.8.0_202\bin\javaw.exe
Launcher args:	-jar "C:\Users\ggust\eclipse-workspace\java-graphics-jframe\PackageWindowsCreation\Trabalho application.exe"
Args length:	108/32768 chars
Exit code:	0


Version:	3.50
CmdLine:	C:\Users\ggust\eclipse-workspace\java-graphics-jframe\PackageWindowsCreation\Trabalho application.exe --l4j-debug
JNI:		No
WOW64:		Yes
Working dir:	C:\Users\ggust\eclipse-workspace\java-graphics-jframe\PackageWindowsCreation\.
Requires JDK:	No
Requires 64-Bit: Yes
Java min ver:	1.008.000
Java max ver:	1.009.000
Substitute:	JAVA_HOME = C:\Program Files\Java\jdk1.8.0_2022
Substitute:	PATH = C:\Program Files (x86)\Common Files\Oracle\Java\javapath;C:\Windows\system32;C:\Windows;C:\Windows\System32\Wbem;C:\Windows\System32\WindowsPowerShell\v1.0\;C:\Windows\System32\OpenSSH\;C:\Program Files (x86)\AMD\ATI.ACE\Core-Static;C:\Program Files\Java\jdk1.8.0_202;C:\Program Files\Java\jdk1.8.0_202\bin;C:\Users\ggust\AppData\Local\Microsoft\WindowsApps;C:\Users\ggust\AppData\Local\GitHubDesktop\bin;C:\Program Files\Java\jdk1.8.0_202\bin;;C:\Program Files\Java\jdk1.8.0_202\bin
JRE paths:	C:\Program Files\Java\jdk1.8.0_2022;C:\Program Files (x86)\Common Files\Oracle\Java\javapath;C:\Windows\system32;C:\Windows;C:\Windows\System32\Wbem;C:\Windows\System32\WindowsPowerShell\v1.0\;C:\Windows\System32\OpenSSH\;C:\Program Files (x86)\AMD\ATI.ACE\Core-Static;C:\Program Files\Java\jdk1.8.0_202;C:\Program Files\Java\jdk1.8.0_202\bin;C:\Users\ggust\AppData\Local\Microsoft\WindowsApps;C:\Users\ggust\AppData\Local\GitHubDesktop\bin;C:\Program Files\Java\jdk1.8.0_202\bin;;C:\Program Files\Java\jdk1.8.0_202\bin
Check launcher:	C:\Program Files\Java\jdk1.8.0_2022\bin\javaw.exe (not found)
Check launcher:	C:\Program Files (x86)\Common Files\Oracle\Java\javapath\bin\javaw.exe (not found)
Check launcher:	C:\Windows\system32\bin\javaw.exe (not found)
Check launcher:	C:\Windows\bin\javaw.exe (not found)
Check launcher:	C:\Windows\System32\Wbem\bin\javaw.exe (not found)
Check launcher:	C:\Windows\System32\WindowsPowerShell\v1.0\bin\javaw.exe (not found)
Check launcher:	C:\Windows\System32\OpenSSH\bin\javaw.exe (not found)
Check launcher:	C:\Program Files (x86)\AMD\ATI.ACE\Core-Static\bin\javaw.exe (not found)
Check launcher:	C:\Program Files\Java\jdk1.8.0_202\bin\javaw.exe (OK)
Version string: 1.008.000_202 / 64-Bit (OK)
Launcher:	C:\Program Files\Java\jdk1.8.0_202\bin\javaw.exe
Launcher args:	-jar "C:\Users\ggust\eclipse-workspace\java-graphics-jframe\PackageWindowsCreation\Trabalho application.exe"
Args length:	108/32768 chars
Exit code:	0


Version:	3.50
CmdLine:	C:\Users\ggust\eclipse-workspace\java-graphics-jframe\PackageWindowsCreation\Trabalho application.exe --l4j-debug
JNI:		No
WOW64:		Yes
Working dir:	C:\Users\ggust\eclipse-workspace\java-graphics-jframe\PackageWindowsCreation\.
Requires JDK:	No
Requires 64-Bit: Yes
Java min ver:	1.008.000
Java max ver:	1.009.000
Substitute:	JAVA_HOME = C:\Program Files\Java\jdk1.8.0_2022
Substitute:	PATH = C:\Program Files (x86)\Common Files\Oracle\Java\javapath;C:\Windows\system32;C:\Windows;C:\Windows\System32\Wbem;C:\Windows\System32\WindowsPowerShell\v1.0\;C:\Windows\System32\OpenSSH\;C:\Program Files (x86)\AMD\ATI.ACE\Core-Static;C:\Program Files\Java\jdk1.8.0_202;C:\Program Files\Java\jdk1.8.0_202\bin;C:\Users\ggust\AppData\Local\Microsoft\WindowsApps;C:\Users\ggust\AppData\Local\GitHubDesktop\bin;C:\Program Files\Java\jdk1.8.0_202\bin;;C:\Program Files\Java\jdk1.8.0_202\bin
JRE paths:	C:\Program Files\Java\jdk1.8.0_2022;C:\Program Files (x86)\Common Files\Oracle\Java\javapath;C:\Windows\system32;C:\Windows;C:\Windows\System32\Wbem;C:\Windows\System32\WindowsPowerShell\v1.0\;C:\Windows\System32\OpenSSH\;C:\Program Files (x86)\AMD\ATI.ACE\Core-Static;C:\Program Files\Java\jdk1.8.0_202;C:\Program Files\Java\jdk1.8.0_202\bin;C:\Users\ggust\AppData\Local\Microsoft\WindowsApps;C:\Users\ggust\AppData\Local\GitHubDesktop\bin;C:\Program Files\Java\jdk1.8.0_202\bin;;C:\Program Files\Java\jdk1.8.0_202\bin
Check launcher:	C:\Program Files\Java\jdk1.8.0_2022\bin\javaw.exe (not found)
Check launcher:	C:\Program Files (x86)\Common Files\Oracle\Java\javapath\bin\javaw.exe (not found)
Check launcher:	C:\Windows\system32\bin\javaw.exe (not found)
Check launcher:	C:\Windows\bin\javaw.exe (not found)
Check launcher:	C:\Windows\System32\Wbem\bin\javaw.exe (not found)
Check launcher:	C:\Windows\System32\WindowsPowerShell\v1.0\bin\javaw.exe (not found)
Check launcher:	C:\Windows\System32\OpenSSH\bin\javaw.exe (not found)
Check launcher:	C:\Program Files (x86)\AMD\ATI.ACE\Core-Static\bin\javaw.exe (not found)
Check launcher:	C:\Program Files\Java\jdk1.8.0_202\bin\javaw.exe (OK)
Version string: 1.008.000_202 / 64-Bit (OK)
Launcher:	C:\Program Files\Java\jdk1.8.0_202\bin\javaw.exe
Launcher args:	-jar "C:\Users\ggust\eclipse-workspace\java-graphics-jframe\PackageWindowsCreation\Trabalho application.exe"
Args length:	108/32768 chars
Exit code:	0


Version:	3.50
CmdLine:	C:\Users\ggust\eclipse-workspace\java-graphics-jframe\PackageWindowsCreation\Trabalho application.exe --l4j-debug
JNI:		No
WOW64:		Yes
Working dir:	C:\Users\ggust\eclipse-workspace\java-graphics-jframe\PackageWindowsCreation\.
Requires JDK:	No
Requires 64-Bit: Yes
Java min ver:	1.008.000
Java max ver:	1.009.000
Substitute:	JAVA_HOME = C:\Program Files\Java\jdk1.8.0_2022
Substitute:	PATH = C:\Program Files (x86)\Common Files\Oracle\Java\javapath;C:\Windows\system32;C:\Windows;C:\Windows\System32\Wbem;C:\Windows\System32\WindowsPowerShell\v1.0\;C:\Windows\System32\OpenSSH\;C:\Program Files (x86)\AMD\ATI.ACE\Core-Static;C:\Program Files\Java\jdk1.8.0_202;C:\Program Files\Java\jdk1.8.0_202\bin;C:\Users\ggust\AppData\Local\Microsoft\WindowsApps;C:\Users\ggust\AppData\Local\GitHubDesktop\bin;C:\Program Files\Java\jdk1.8.0_202\bin;;C:\Program Files\Java\jdk1.8.0_202\bin
JRE paths:	C:\Program Files\Java\jdk1.8.0_2022;C:\Program Files (x86)\Common Files\Oracle\Java\javapath;C:\Windows\system32;C:\Windows;C:\Windows\System32\Wbem;C:\Windows\System32\WindowsPowerShell\v1.0\;C:\Windows\System32\OpenSSH\;C:\Program Files (x86)\AMD\ATI.ACE\Core-Static;C:\Program Files\Java\jdk1.8.0_202;C:\Program Files\Java\jdk1.8.0_202\bin;C:\Users\ggust\AppData\Local\Microsoft\WindowsApps;C:\Users\ggust\AppData\Local\GitHubDesktop\bin;C:\Program Files\Java\jdk1.8.0_202\bin;;C:\Program Files\Java\jdk1.8.0_202\bin
Check launcher:	C:\Program Files\Java\jdk1.8.0_2022\bin\javaw.exe (not found)
Check launcher:	C:\Program Files (x86)\Common Files\Oracle\Java\javapath\bin\javaw.exe (not found)
Check launcher:	C:\Windows\system32\bin\javaw.exe (not found)
Check launcher:	C:\Windows\bin\javaw.exe (not found)
Check launcher:	C:\Windows\System32\Wbem\bin\javaw.exe (not found)
Check launcher:	C:\Windows\System32\WindowsPowerShell\v1.0\bin\javaw.exe (not found)
Check launcher:	C:\Windows\System32\OpenSSH\bin\javaw.exe (not found)
Check launcher:	C:\Program Files (x86)\AMD\ATI.ACE\Core-Static\bin\javaw.exe (not found)
Check launcher:	C:\Program Files\Java\jdk1.8.0_202\bin\javaw.exe (OK)
Version string: 1.008.000_202 / 64-Bit (OK)
Launcher:	C:\Program Files\Java\jdk1.8.0_202\bin\javaw.exe
Launcher args:	-jar "C:\Users\ggust\eclipse-workspace\java-graphics-jframe\PackageWindowsCreation\Trabalho application.exe"
Args length:	108/32768 chars
Exit code:	0


Version:	3.50
CmdLine:	C:\Users\ggust\eclipse-workspace\java-graphics-jframe\PackageWindowsCreation\Trabalho application.exe --l4j-debug
JNI:		No
WOW64:		Yes
Working dir:	C:\Users\ggust\eclipse-workspace\java-graphics-jframe\PackageWindowsCreation\.
Requires JDK:	No
Requires 64-Bit: Yes
Java min ver:	1.008.000
Java max ver:	1.009.000
Substitute:	JAVA_HOME = C:\Program Files\Java\jdk1.8.0_2022
Substitute:	PATH = C:\Program Files (x86)\Common Files\Oracle\Java\javapath;C:\Windows\system32;C:\Windows;C:\Windows\System32\Wbem;C:\Windows\System32\WindowsPowerShell\v1.0\;C:\Windows\System32\OpenSSH\;C:\Program Files (x86)\AMD\ATI.ACE\Core-Static;C:\Program Files\Java\jdk1.8.0_202;C:\Program Files\Java\jdk1.8.0_202\bin;C:\Users\ggust\AppData\Local\Microsoft\WindowsApps;C:\Users\ggust\AppData\Local\GitHubDesktop\bin;C:\Program Files\Java\jdk1.8.0_202\bin;;C:\Program Files\Java\jdk1.8.0_202\bin
JRE paths:	C:\Program Files\Java\jdk1.8.0_2022;C:\Program Files (x86)\Common Files\Oracle\Java\javapath;C:\Windows\system32;C:\Windows;C:\Windows\System32\Wbem;C:\Windows\System32\WindowsPowerShell\v1.0\;C:\Windows\System32\OpenSSH\;C:\Program Files (x86)\AMD\ATI.ACE\Core-Static;C:\Program Files\Java\jdk1.8.0_202;C:\Program Files\Java\jdk1.8.0_202\bin;C:\Users\ggust\AppData\Local\Microsoft\WindowsApps;C:\Users\ggust\AppData\Local\GitHubDesktop\bin;C:\Program Files\Java\jdk1.8.0_202\bin;;C:\Program Files\Java\jdk1.8.0_202\bin
Check launcher:	C:\Program Files\Java\jdk1.8.0_2022\bin\javaw.exe (not found)
Check launcher:	C:\Program Files (x86)\Common Files\Oracle\Java\javapath\bin\javaw.exe (not found)
Check launcher:	C:\Windows\system32\bin\javaw.exe (not found)
Check launcher:	C:\Windows\bin\javaw.exe (not found)
Check launcher:	C:\Windows\System32\Wbem\bin\javaw.exe (not found)
Check launcher:	C:\Windows\System32\WindowsPowerShell\v1.0\bin\javaw.exe (not found)
Check launcher:	C:\Windows\System32\OpenSSH\bin\javaw.exe (not found)
Check launcher:	C:\Program Files (x86)\AMD\ATI.ACE\Core-Static\bin\javaw.exe (not found)
Check launcher:	C:\Program Files\Java\jdk1.8.0_202\bin\javaw.exe (OK)
Version string: 1.008.000_202 / 64-Bit (OK)
Launcher:	C:\Program Files\Java\jdk1.8.0_202\bin\javaw.exe
Launcher args:	-jar "C:\Users\ggust\eclipse-workspace\java-graphics-jframe\PackageWindowsCreation\Trabalho application.exe"
Args length:	108/32768 chars
Exit code:	0


Version:	3.50
CmdLine:	C:\Users\ggust\eclipse-workspace\java-graphics-jframe\PackageWindowsCreation\Trabalho application.exe --l4j-debug
JNI:		No
WOW64:		Yes
Working dir:	C:\Users\ggust\eclipse-workspace\java-graphics-jframe\PackageWindowsCreation\.
Requires JDK:	No
Requires 64-Bit: Yes
Java min ver:	1.008.000
Java max ver:	1.009.000
Substitute:	JAVA_HOME = C:\Program Files\Java\jdk1.8.0_2022
Substitute:	PATH = C:\Program Files (x86)\Common Files\Oracle\Java\javapath;C:\Windows\system32;C:\Windows;C:\Windows\System32\Wbem;C:\Windows\System32\WindowsPowerShell\v1.0\;C:\Windows\System32\OpenSSH\;C:\Program Files (x86)\AMD\ATI.ACE\Core-Static;C:\Program Files\Java\jdk1.8.0_202;C:\Program Files\Java\jdk1.8.0_202\bin;C:\Users\ggust\AppData\Local\Microsoft\WindowsApps;C:\Users\ggust\AppData\Local\GitHubDesktop\bin;C:\Program Files\Java\jdk1.8.0_202\bin;;C:\Program Files\Java\jdk1.8.0_202\bin
JRE paths:	C:\Program Files\Java\jdk1.8.0_2022;C:\Program Files (x86)\Common Files\Oracle\Java\javapath;C:\Windows\system32;C:\Windows;C:\Windows\System32\Wbem;C:\Windows\System32\WindowsPowerShell\v1.0\;C:\Windows\System32\OpenSSH\;C:\Program Files (x86)\AMD\ATI.ACE\Core-Static;C:\Program Files\Java\jdk1.8.0_202;C:\Program Files\Java\jdk1.8.0_202\bin;C:\Users\ggust\AppData\Local\Microsoft\WindowsApps;C:\Users\ggust\AppData\Local\GitHubDesktop\bin;C:\Program Files\Java\jdk1.8.0_202\bin;;C:\Program Files\Java\jdk1.8.0_202\bin
Check launcher:	C:\Program Files\Java\jdk1.8.0_2022\bin\javaw.exe (not found)
Check launcher:	C:\Program Files (x86)\Common Files\Oracle\Java\javapath\bin\javaw.exe (not found)
Check launcher:	C:\Windows\system32\bin\javaw.exe (not found)
Check launcher:	C:\Windows\bin\javaw.exe (not found)
Check launcher:	C:\Windows\System32\Wbem\bin\javaw.exe (not found)
Check launcher:	C:\Windows\System32\WindowsPowerShell\v1.0\bin\javaw.exe (not found)
Check launcher:	C:\Windows\System32\OpenSSH\bin\javaw.exe (not found)
Check launcher:	C:\Program Files (x86)\AMD\ATI.ACE\Core-Static\bin\javaw.exe (not found)
Check launcher:	C:\Program Files\Java\jdk1.8.0_202\bin\javaw.exe (OK)
Version string: 1.008.000_202 / 64-Bit (OK)
Launcher:	C:\Program Files\Java\jdk1.8.0_202\bin\javaw.exe
Launcher args:	-jar "C:\Users\ggust\eclipse-workspace\java-graphics-jframe\PackageWindowsCreation\Trabalho application.exe"
Args length:	108/32768 chars
Exit code:	0


Version:	3.50
CmdLine:	C:\Users\ggust\eclipse-workspace\java-graphics-jframe\PackageWindowsCreation\Trabalho application.exe --l4j-debug
JNI:		No
WOW64:		Yes
Working dir:	C:\Users\ggust\eclipse-workspace\java-graphics-jframe\PackageWindowsCreation\.
Requires JDK:	No
Requires 64-Bit: No
Java min ver:	1.008.000
Java max ver:	1.009.000
JRE paths:	JRE_HOME
Check launcher:	C:\Users\ggust\eclipse-workspace\java-graphics-jframe\PackageWindowsCreation\JRE_HOME\bin\javaw.exe (not found)
64-bit search:	SOFTWARE\JavaSoft\Java Runtime Environment...
Check:		SOFTWARE\JavaSoft\Java Runtime Environment\1.8
Version string: 1.008.000 / 64-Bit (OK)
Check launcher:	C:\Program Files\Java\jre1.8.0_361\bin\javaw.exe (OK)
Match:		1.008.000
Runtime used:	1.008.000 (64-bit)
Launcher:	C:\Program Files\Java\jre1.8.0_361\bin\javaw.exe
Launcher args:	-jar "C:\Users\ggust\eclipse-workspace\java-graphics-jframe\PackageWindowsCreation\Trabalho application.exe"
Args length:	108/32768 chars
Exit code:	0


Version:	3.50
CmdLine:	C:\Users\ggust\eclipse-workspace\java-graphics-jframe\PackageWindowsCreation\Trabalho application.exe --l4j-debug
JNI:		No
WOW64:		Yes
Working dir:	C:\Users\ggust\eclipse-workspace\java-graphics-jframe\PackageWindowsCreation\.
Requires JDK:	Yes
Requires 64-Bit: No
Java min ver:	1.008.000
Java max ver:	1.009.000
JRE paths:	JRE_HOME
Check launcher:	C:\Users\ggust\eclipse-workspace\java-graphics-jframe\PackageWindowsCreation\JRE_HOME\bin\javaw.exe (not found)
64-bit search:	SOFTWARE\JavaSoft\Java Development Kit...
Check:		SOFTWARE\JavaSoft\Java Development Kit\1.8
Version string: 1.008.000 / 64-Bit (OK)
Check launcher:	C:\Program Files\Java\jdk1.8.0_202\bin\javaw.exe (OK)
Check javac:	C:\Program Files\Java\jdk1.8.0_202\bin\javac.exe (OK)
Match:		1.008.000
Runtime used:	1.008.000 (64-bit)
Launcher:	C:\Program Files\Java\jdk1.8.0_202\bin\javaw.exe
Launcher args:	-jar "C:\Users\ggust\eclipse-workspace\java-graphics-jframe\PackageWindowsCreation\Trabalho application.exe"
Args length:	108/32768 chars
Exit code:	0


Version:	3.50
CmdLine:	C:\Users\ggust\eclipse-workspace\java-graphics-jframe\PackageWindowsCreation\Trabalho application.exe --l4j-debug
JNI:		No
WOW64:		Yes
Working dir:	C:\Users\ggust\eclipse-workspace\java-graphics-jframe\PackageWindowsCreation\.
Requires JDK:	Yes
Requires 64-Bit: No
Java min ver:	1.008.000
Java max ver:	1.009.000
JRE paths:	JRE_HOME
Check launcher:	C:\Users\ggust\eclipse-workspace\java-graphics-jframe\PackageWindowsCreation\JRE_HOME\bin\javaw.exe (not found)
64-bit search:	SOFTWARE\JavaSoft\Java Development Kit...
Check:		SOFTWARE\JavaSoft\Java Development Kit\1.8
Version string: 1.008.000 / 64-Bit (OK)
Check launcher:	C:\Program Files\Java\jdk1.8.0_202\bin\javaw.exe (OK)
Check javac:	C:\Program Files\Java\jdk1.8.0_202\bin\javac.exe (OK)
Match:		1.008.000
Runtime used:	1.008.000 (64-bit)
Launcher:	C:\Program Files\Java\jdk1.8.0_202\bin\javaw.exe
Launcher args:	-jar "C:\Users\ggust\eclipse-workspace\java-graphics-jframe\PackageWindowsCreation\Trabalho application.exe"
Args length:	108/32768 chars
Exit code:	0


Version:	3.50
CmdLine:	C:\Users\ggust\eclipse-workspace\java-graphics-jframe\PackageWindowsCreation\Trabalho application.exe --l4j-debug
JNI:		No
WOW64:		Yes
Working dir:	C:\Users\ggust\eclipse-workspace\java-graphics-jframe\PackageWindowsCreation\.
Requires JDK:	No
Requires 64-Bit: Yes
Java min ver:	1.008.000
Java max ver:	1.009.000
JRE paths:	JRE_HOME
Check launcher:	C:\Users\ggust\eclipse-workspace\java-graphics-jframe\PackageWindowsCreation\JRE_HOME\bin\javaw.exe (not found)
64-bit search:	SOFTWARE\JavaSoft\Java Runtime Environment...
Check:		SOFTWARE\JavaSoft\Java Runtime Environment\1.8
Version string: 1.008.000 / 64-Bit (OK)
Check launcher:	C:\Program Files\Java\jre1.8.0_361\bin\javaw.exe (OK)
Match:		1.008.000
Runtime used:	1.008.000 (64-bit)
Launcher:	C:\Program Files\Java\jre1.8.0_361\bin\javaw.exe
Launcher args:	-jar "C:\Users\ggust\eclipse-workspace\java-graphics-jframe\PackageWindowsCreation\Trabalho application.exe"
Args length:	108/32768 chars
Exit code:	0


Version:	3.50
CmdLine:	C:\Users\ggust\eclipse-workspace\java-graphics-jframe\PackageWindowsCreation\Trabalho application.exe --l4j-debug
JNI:		No
WOW64:		Yes
Working dir:	C:\Users\ggust\eclipse-workspace\java-graphics-jframe\PackageWindowsCreation\.
Requires JDK:	No
Requires 64-Bit: Yes
Java min ver:	1.008.000
Java max ver:	1.009.000
Substitute:	JRE_HOME = 
JRE paths:	
64-bit search:	SOFTWARE\JavaSoft\Java Runtime Environment...
Check:		SOFTWARE\JavaSoft\Java Runtime Environment\1.8
Version string: 1.008.000 / 64-Bit (OK)
Check launcher:	C:\Program Files\Java\jre1.8.0_361\bin\javaw.exe (OK)
Match:		1.008.000
Runtime used:	1.008.000 (64-bit)
Launcher:	C:\Program Files\Java\jre1.8.0_361\bin\javaw.exe
Launcher args:	-jar "C:\Users\ggust\eclipse-workspace\java-graphics-jframe\PackageWindowsCreation\Trabalho application.exe"
Args length:	108/32768 chars
Exit code:	0


Version:	3.50
CmdLine:	C:\Users\ggust\eclipse-workspace\java-graphics-jframe\PackageWindowsCreation\Trabalho application.exe --l4j-debug
JNI:		No
WOW64:		Yes
Working dir:	C:\Users\ggust\eclipse-workspace\java-graphics-jframe\PackageWindowsCreation\.
Requires JDK:	No
Requires 64-Bit: Yes
Java min ver:	
Java max ver:	
Substitute:	JAVA_HOME = C:\Program Files\Java\jdk1.8.0_2022
JRE paths:	C:\Program Files\Java\jdk1.8.0_2022
Check launcher:	C:\Program Files\Java\jdk1.8.0_2022\bin\javaw.exe (not found)
Error msg:	Esta aplicação requer um Java Runtime Environment.
Open URL:	https://github.com/GustavoBorges13/AlgebraLinear-Trabalho


Version:	3.50
CmdLine:	C:\Users\ggust\eclipse-workspace\java-graphics-jframe\PackageWindowsCreation\Trabalho application.exe --l4j-debug
JNI:		No
WOW64:		Yes
Working dir:	C:\Users\ggust\eclipse-workspace\java-graphics-jframe\PackageWindowsCreation\.
Requires JDK:	Yes
Requires 64-Bit: Yes
Java min ver:	
Java max ver:	
Substitute:	JAVA_HOME = C:\Program Files\Java\jdk1.8.0_2022
JRE paths:	C:\Program Files\Java\jdk1.8.0_2022
Check launcher:	C:\Program Files\Java\jdk1.8.0_2022\bin\javaw.exe (not found)
Error msg:	Esta aplicação requer um Java Runtime Environment.
Open URL:	https://github.com/GustavoBorges13/AlgebraLinear-Trabalho


Version:	3.50
CmdLine:	C:\Users\ggust\eclipse-workspace\java-graphics-jframe\PackageWindowsCreation\Trabalho application.exe --l4j-debug
JNI:		No
WOW64:		Yes
Working dir:	C:\Users\ggust\eclipse-workspace\java-graphics-jframe\PackageWindowsCreation\.
Requires JDK:	Yes
Requires 64-Bit: Yes
Java min ver:	1.008.000
Java max ver:	1.009.000
Substitute:	JAVA_HOME = C:\Program Files\Java\jdk1.8.0_2022
JRE paths:	C:\Program Files\Java\jdk1.8.0_2022
Check launcher:	C:\Program Files\Java\jdk1.8.0_2022\bin\javaw.exe (not found)
64-bit search:	SOFTWARE\JavaSoft\Java Development Kit...
Check:		SOFTWARE\JavaSoft\Java Development Kit\1.8
Version string: 1.008.000 / 64-Bit (OK)
Check launcher:	C:\Program Files\Java\jdk1.8.0_202\bin\javaw.exe (OK)
Check javac:	C:\Program Files\Java\jdk1.8.0_202\bin\javac.exe (OK)
Match:		1.008.000
Runtime used:	1.008.000 (64-bit)
Launcher:	C:\Program Files\Java\jdk1.8.0_202\bin\javaw.exe
Launcher args:	-jar "C:\Users\ggust\eclipse-workspace\java-graphics-jframe\PackageWindowsCreation\Trabalho application.exe"
Args length:	108/32768 chars
Exit code:	0


Version:	3.50
CmdLine:	C:\Users\ggust\eclipse-workspace\java-graphics-jframe\PackageWindowsCreation\Trabalho application.exe --l4j-debug
JNI:		No
WOW64:		Yes
Working dir:	C:\Users\ggust\eclipse-workspace\java-graphics-jframe\PackageWindowsCreation\.
Requires JDK:	No
Requires 64-Bit: Yes
Java min ver:	1.008.000
Java max ver:	1.009.000
Substitute:	JAVA_HOME = C:\Program Files\Java\jdk1.8.0_2022
JRE paths:	C:\Program Files\Java\jdk1.8.0_2022
Check launcher:	C:\Program Files\Java\jdk1.8.0_2022\bin\javaw.exe (not found)
64-bit search:	SOFTWARE\JavaSoft\Java Runtime Environment...
Check:		SOFTWARE\JavaSoft\Java Runtime Environment\1.8
Version string: 1.008.000 / 64-Bit (OK)
Check launcher:	C:\Program Files\Java\jre1.8.0_361\bin\javaw.exe (OK)
Match:		1.008.000
Runtime used:	1.008.000 (64-bit)
Launcher:	C:\Program Files\Java\jre1.8.0_361\bin\javaw.exe
Launcher args:	-jar "C:\Users\ggust\eclipse-workspace\java-graphics-jframe\PackageWindowsCreation\Trabalho application.exe"
Args length:	108/32768 chars
Exit code:	0


Version:	3.14
CmdLine:	C:\Users\ggust\eclipse-workspace\java-graphics-jframe\PackageWindowsCreation\Trabalho application.exe --l4j-debug
WOW64:		yes
Working dir:	C:\Users\ggust\eclipse-workspace\java-graphics-jframe\PackageWindowsCreation\.
Java min ver:	1.008.000
Java max ver:	
64-bit search:	SOFTWARE\JavaSoft\Java Runtime Environment...
Check:		SOFTWARE\JavaSoft\Java Runtime Environment\1.8
Check launcher:	C:\Program Files\Java\jre1.8.0_361\bin\javaw.exe (OK)
Match:		1.008.000
Check:		SOFTWARE\JavaSoft\Java Runtime Environment\1.8.0_361
Check launcher:	C:\Program Files\Java\jre1.8.0_361\bin\javaw.exe (OK)
Match:		1.008.000_361
64-bit search:	SOFTWARE\JavaSoft\Java Development Kit...
Check:		SOFTWARE\JavaSoft\Java Development Kit\1.8
Ignore:		1.008.000
Check:		SOFTWARE\JavaSoft\Java Development Kit\1.8.0_202
Ignore:		1.008.000_202
64-bit search:	SOFTWARE\JavaSoft\JRE...
64-bit search:	SOFTWARE\JavaSoft\JDK...
Runtime used:	1.008.000_361 (64-bit)
Launcher:	C:\Program Files\Java\jre1.8.0_361\bin\javaw.exe
Launcher args:	-jar "C:\Users\ggust\eclipse-workspace\java-graphics-jframe\PackageWindowsCreation\Trabalho application.exe"
Args length:	108/32768 chars
Exit code:	0
